<?xml version="1.0" encoding="UTF-8"?>
<!-- Generated by org.testng.reporters.JUnitReportReporter -->
<testsuite hostname="LPI-CJXXXN1" name="test.TestList" tests="2" failures="0" timestamp="9 Mar 2016 21:51:45 GMT" time="0.071" errors="0">
  <testcase name="testList1" time="0.065" classname="test.TestList"/>
  <testcase name="testList2" time="0.006" classname="test.TestList"/>
</testsuite>
